warn: ruta /favicon.ico método GET no implementada 2022-06-18 20:55:55
warn: ruta /favicon.ico método GET no implementada 2022-06-18 20:55:56
warn: ruta /favicon.ico método GET no implementada 2022-06-18 20:55:59
warn: ruta /favicon.ico método GET no implementada 2022-06-18 20:56:23
warn: ruta /favicon.ico método GET no implementada 2022-06-20 17:13:00
warn: ruta /favicon.ico método GET no implementada 2022-06-20 17:13:00
warn: ruta /favicon.ico método GET no implementada 2022-06-20 17:14:04
warn: ruta /favicon.ico método GET no implementada 2022-06-20 17:16:14
warn: ruta /favicon.ico método GET no implementada 2022-06-20 17:16:50
warn: ruta /favicon.ico método GET no implementada 2022-06-20 17:22:46
warn: ruta /favicon.ico método GET no implementada 2022-06-20 17:28:59
warn: ruta /favicon.ico método GET no implementada 2022-06-20 17:33:07
warn: ruta /favicon.ico método GET no implementada 2022-06-20 17:34:19
warn: ruta /favicon.ico método GET no implementada 2022-06-20 17:34:22
warn: ruta /favicon.ico método GET no implementada 2022-06-20 17:34:42
warn: ruta /favicon.ico método GET no implementada 2022-06-20 17:34:45
warn: ruta /favicon.ico método GET no implementada 2022-06-20 17:37:07
warn: ruta /favicon.ico método GET no implementada 2022-06-20 17:39:15
warn: ruta /favicon.ico método GET no implementada 2022-06-20 17:40:14
warn: ruta /favicon.ico método GET no implementada 2022-06-20 17:40:47
warn: ruta /favicon.ico método GET no implementada 2022-06-20 17:41:07
warn: ruta /favicon.ico método GET no implementada 2022-06-20 17:49:58
warn: ruta /favicon.ico método GET no implementada 2022-06-20 17:50:49
warn: ruta /favicon.ico método GET no implementada 2022-06-20 17:51:29
warn: ruta /favicon.ico método GET no implementada 2022-06-20 18:01:15
warn: ruta /favicon.ico método GET no implementada 2022-06-20 18:10:19
warn: ruta /favicon.ico método GET no implementada 2022-06-20 18:10:21
warn: ruta /favicon.ico método GET no implementada 2022-06-20 18:11:45
warn: ruta /favicon.ico método GET no implementada 2022-06-20 18:12:01
warn: ruta /favicon.ico método GET no implementada 2022-06-20 18:13:41
warn: ruta /favicon.ico método GET no implementada 2022-06-20 18:13:57
warn: ruta /favicon.ico método GET no implementada 2022-06-20 22:42:35
warn: ruta /favicon.ico método GET no implementada 2022-06-20 22:56:33
warn: ruta /favicon.ico método GET no implementada 2022-06-20 22:56:49
warn: ruta /favicon.ico método GET no implementada 2022-06-20 22:57:34
warn: ruta /favicon.ico método GET no implementada 2022-06-20 23:01:38
warn: ruta /favicon.ico método GET no implementada 2022-06-20 23:02:33
warn: ruta /favicon.ico método GET no implementada 2022-06-20 23:06:15
warn: ruta /favicon.ico método GET no implementada 2022-06-20 23:09:09
warn: ruta /favicon.ico método GET no implementada 2022-06-20 23:11:48
warn: ruta /favicon.ico método GET no implementada 2022-06-20 23:14:01
warn: ruta /favicon.ico método GET no implementada 2022-06-21 00:05:44
warn: ruta /favicon.ico método GET no implementada 2022-06-21 00:12:12
warn: ruta /favicon.ico método GET no implementada 2022-06-21 00:12:36
warn: ruta /favicon.ico método GET no implementada 2022-06-21 00:13:04
warn: ruta /favicon.ico método GET no implementada 2022-06-21 00:24:28
warn: ruta /favicon.ico método GET no implementada 2022-06-21 00:34:01
warn: ruta /favicon.ico método GET no implementada 2022-06-21 00:39:48
warn: ruta /favicon.ico método GET no implementada 2022-06-21 00:42:30
warn: ruta /favicon.ico método GET no implementada 2022-06-21 00:43:38
warn: ruta /favicon.ico método GET no implementada 2022-06-21 00:44:04
warn: ruta /favicon.ico método GET no implementada 2022-06-21 00:48:22
warn: ruta /favicon.ico método GET no implementada 2022-06-21 00:48:54
warn: ruta /favicon.ico método GET no implementada 2022-06-21 00:57:04
warn: ruta /favicon.ico método GET no implementada 2022-06-21 00:57:30
warn: ruta /favicon.ico método GET no implementada 2022-06-21 00:58:35
warn: ruta /favicon.ico método GET no implementada 2022-06-21 00:59:03
warn: ruta /favicon.ico método GET no implementada 2022-06-21 01:07:53
warn: ruta /favicon.ico método GET no implementada 2022-06-21 01:08:37
warn: ruta /favicon.ico método GET no implementada 2022-06-21 01:11:03
warn: ruta /favicon.ico método GET no implementada 2022-06-21 01:11:37
warn: ruta /favicon.ico método GET no implementada 2022-06-21 01:14:45
warn: ruta /favicon.ico método GET no implementada 2022-06-21 01:15:27
warn: ruta /favicon.ico método GET no implementada 2022-06-21 01:22:03
warn: ruta /favicon.ico método GET no implementada 2022-06-21 17:14:21
warn: ruta /favicon.ico método GET no implementada 2022-06-21 17:15:02
warn: ruta /favicon.ico método GET no implementada 2022-06-21 17:20:56
warn: ruta /favicon.ico método GET no implementada 2022-06-21 17:25:39
warn: ruta /favicon.ico método GET no implementada 2022-06-21 17:32:20
warn: ruta /favicon.ico método GET no implementada 2022-06-21 17:36:31
warn: ruta /favicon.ico método GET no implementada 2022-06-21 17:39:44
warn: ruta /favicon.ico método GET no implementada 2022-06-21 17:41:52
warn: ruta /favicon.ico método GET no implementada 2022-06-21 17:43:42
warn: ruta /favicon.ico método GET no implementada 2022-06-21 17:43:43
warn: ruta /favicon.ico método GET no implementada 2022-06-21 17:44:56
warn: ruta /favicon.ico método GET no implementada 2022-06-21 17:45:53
warn: ruta /favicon.ico método GET no implementada 2022-06-21 17:48:05
warn: ruta /favicon.ico método GET no implementada 2022-06-21 17:52:12
warn: ruta /favicon.ico método GET no implementada 2022-06-22 16:42:58
warn: ruta /api/products método GET no implementada 2022-06-23 19:18:31
error: user_email is not defined 2022-06-23 19:18:41
error: user_email is not defined 2022-06-23 19:20:48
warn: ruta /api/user/build/css/intlTelInput.css método GET no implementada 2022-06-23 19:23:39
warn: ruta /api/user/build/css/intlTelInput.css método GET no implementada 2022-06-23 19:30:30
warn: ruta /api/user/build/css/intlTelInput.css método GET no implementada 2022-06-23 19:32:17
warn: ruta /api/user/build/css/intlTelInput.css método GET no implementada 2022-06-23 19:39:33
warn: ruta /api/user/build/css/intlTelInput.css método GET no implementada 2022-06-23 19:40:36
warn: ruta /api/user/build/css/intlTelInput.css método GET no implementada 2022-06-23 19:41:01
warn: ruta /api/user/build/css/intlTelInput.css método GET no implementada 2022-06-23 19:43:56
warn: ruta /api/user/build/css/intlTelInput.css método GET no implementada 2022-06-23 19:45:27
warn: ruta /api/user/build/css/intlTelInput.css método GET no implementada 2022-06-23 19:45:32
warn: ruta /api/user/build/css/intlTelInput.css método GET no implementada 2022-06-23 19:46:17
warn: ruta /api/user/build/css/intlTelInput.css método GET no implementada 2022-06-23 19:46:38
warn: ruta /api/user/build/css/intlTelInput.css método GET no implementada 2022-06-23 19:47:26
warn: ruta /api/user/build/css/intlTelInput.css método GET no implementada 2022-06-23 19:48:22
warn: ruta /api/user/build/css/intlTelInput.css método GET no implementada 2022-06-23 19:52:49
warn: ruta /api/user/build/css/intlTelInput.css método GET no implementada 2022-06-23 19:54:05
warn: ruta /api/user/build/css/intlTelInput.css método GET no implementada 2022-06-23 19:54:13
warn: ruta /api/user/build/css/intlTelInput.css método GET no implementada 2022-06-23 19:55:22
warn: ruta /api/user/build/css/intlTelInput.css método GET no implementada 2022-06-23 19:57:19
error: path is not defined 2022-06-23 21:00:26
error: path is not defined 2022-06-23 21:00:40
error: path is not defined 2022-06-23 21:00:53
error: path is not defined 2022-06-23 21:00:55
warn: ruta /api/user/build/css/intlTelInput.css método GET no implementada 2022-06-23 21:04:03
warn: ruta /api/user/build/css/intlTelInput.css método GET no implementada 2022-06-23 21:04:13
warn: ruta /api/user/build/css/intlTelInput.css método GET no implementada 2022-06-23 21:04:16
warn: ruta /api/user/build/css/intlTelInput.css método GET no implementada 2022-06-23 21:05:58
warn: ruta /api/user/build/css/intlTelInput.css método GET no implementada 2022-06-23 22:30:04
error: userEmail is not defined 2022-06-23 22:31:16
warn: ruta /api/carts/build/css/intlTelInput.css método GET no implementada 2022-06-23 22:31:58
error: path is not defined 2022-06-23 22:47:48
error: path is not defined 2022-06-23 22:48:05
warn: ruta /api/carts/build/css/intlTelInput.css método GET no implementada 2022-06-23 22:48:32
warn: ruta /api/carts/build/css/intlTelInput.css método GET no implementada 2022-06-23 22:50:17
warn: ruta /api/carts/build/css/intlTelInput.css método GET no implementada 2022-06-23 22:54:50
error: cartProducts.toJSON is not a function 2022-06-23 23:01:24
error: cartProducts.toJSON is not a function 2022-06-23 23:01:38
warn: ruta /api/carts/build/css/intlTelInput.css método GET no implementada 2022-06-23 23:03:19
warn: ruta /api/carts/build/css/intlTelInput.css método GET no implementada 2022-06-23 23:06:27
warn: ruta /api/carts/build/css/intlTelInput.css método GET no implementada 2022-06-23 23:10:07
warn: ruta /api/carts/build/css/intlTelInput.css método GET no implementada 2022-06-23 23:11:24
warn: ruta /api/carts/build/css/intlTelInput.css método GET no implementada 2022-06-23 23:12:52
warn: ruta /api/carts/build/css/intlTelInput.css método GET no implementada 2022-06-23 23:13:14
warn: ruta /api/productos/ método POST no implementada 2022-06-24 10:25:19
warn: ruta /api/cart/addProduct método POST no implementada 2022-06-24 12:24:15
warn: ruta /api/cart/addProduct método GET no implementada 2022-06-24 12:25:16
warn: ruta /api/products/catalog método POST no implementada 2022-06-24 14:57:21
warn: ruta /api/products/build/css/intlTelInput.css método GET no implementada 2022-06-24 14:59:01
warn: ruta /api/products/build/css/intlTelInput.css método GET no implementada 2022-06-24 14:59:32
warn: ruta /api/carts/build/css/intlTelInput.css método GET no implementada 2022-06-24 15:00:21
warn: ruta /api/carts/build/css/intlTelInput.css método GET no implementada 2022-06-24 15:01:43
warn: ruta /api/carts/build/css/intlTelInput.css método GET no implementada 2022-06-24 15:01:52
warn: ruta /api/products/build/css/intlTelInput.css método GET no implementada 2022-06-24 15:02:59
warn: ruta /api/products/build/css/intlTelInput.css método GET no implementada 2022-06-24 15:03:04
warn: ruta /api/carts/build/css/intlTelInput.css método GET no implementada 2022-06-24 15:03:06
warn: ruta /api/products/build/css/intlTelInput.css método GET no implementada 2022-06-24 15:03:07
warn: ruta /api/products/build/css/intlTelInput.css método GET no implementada 2022-06-24 15:03:22
warn: ruta /api/carts/build/css/intlTelInput.css método GET no implementada 2022-06-24 15:04:02
error: path is not defined 2022-06-24 15:55:06
error: path is not defined 2022-06-24 15:55:38
error: path is not defined 2022-06-24 15:55:52
error: path is not defined 2022-06-24 15:55:53
error: path is not defined 2022-06-24 15:56:21
warn: ruta /api/carts/build/css/intlTelInput.css método GET no implementada 2022-06-24 16:06:35
warn: ruta /api/carts/build/css/intlTelInput.css método GET no implementada 2022-06-24 16:12:21
warn: ruta /api/carts/build/css/intlTelInput.css método GET no implementada 2022-06-24 16:14:06
warn: ruta /api/carts/build/css/intlTelInput.css método GET no implementada 2022-06-24 16:14:39
warn: ruta /api/carts/build/css/intlTelInput.css método GET no implementada 2022-06-24 16:24:23
warn: ruta /api/carts/checkout método POST no implementada 2022-06-24 16:24:25
warn: ruta /api/carts/build/css/intlTelInput.css método GET no implementada 2022-06-24 16:25:10
warn: ruta /api/carts/build/css/intlTelInput.css método GET no implementada 2022-06-24 16:43:59
warn: ruta /api/carts/build/css/intlTelInput.css método GET no implementada 2022-06-24 16:48:17
warn: ruta /api/carts/build/css/intlTelInput.css método GET no implementada 2022-06-24 16:48:25
warn: ruta /api/carts/build/css/intlTelInput.css método GET no implementada 2022-06-24 16:49:41
warn: ruta /api/carts/build/css/intlTelInput.css método GET no implementada 2022-06-24 16:49:49
warn: ruta /api/carts/build/css/intlTelInput.css método GET no implementada 2022-06-24 16:51:36
warn: ruta /api/carts/build/css/intlTelInput.css método GET no implementada 2022-06-24 16:53:28
warn: ruta /api/carts/build/css/intlTelInput.css método GET no implementada 2022-06-24 16:53:48
warn: ruta /api/carts/build/css/intlTelInput.css método GET no implementada 2022-06-24 16:55:37
warn: ruta /api/carts/build/css/intlTelInput.css método GET no implementada 2022-06-24 16:56:09
warn: ruta /api/carts/build/css/intlTelInput.css método GET no implementada 2022-06-24 16:56:26
warn: ruta /api/carts/build/css/intlTelInput.css método GET no implementada 2022-06-24 17:05:16
warn: ruta /api/carts/build/css/intlTelInput.css método GET no implementada 2022-06-24 17:05:30
warn: ruta /api/carts/build/css/intlTelInput.css método GET no implementada 2022-06-24 17:06:06
warn: ruta /api/carts/build/css/intlTelInput.css método GET no implementada 2022-06-24 17:06:09
warn: ruta /api/carts/build/css/intlTelInput.css método GET no implementada 2022-06-24 17:06:44
warn: ruta /api/carts/build/css/intlTelInput.css método GET no implementada 2022-06-24 17:08:34
warn: ruta /api/carts/build/css/intlTelInput.css método GET no implementada 2022-06-24 17:08:41
warn: ruta /api/carts/build/css/intlTelInput.css método GET no implementada 2022-06-24 20:43:13
warn: ruta /api/carts/build/css/intlTelInput.css método GET no implementada 2022-06-24 20:43:39
warn: ruta /api/carts/build/css/intlTelInput.css método GET no implementada 2022-06-24 21:03:05
warn: ruta /api/carts/build/css/intlTelInput.css método GET no implementada 2022-06-24 21:03:10
warn: ruta /api/products/build/css/intlTelInput.css método GET no implementada 2022-06-24 21:03:47
warn: ruta /api/products/build/css/intlTelInput.css método GET no implementada 2022-06-24 21:08:31
warn: ruta /api/products/build/css/intlTelInput.css método GET no implementada 2022-06-24 21:10:09
warn: ruta /api/products/build/css/intlTelInput.css método GET no implementada 2022-06-24 21:10:34
warn: ruta /api/products/build/css/intlTelInput.css método GET no implementada 2022-06-24 21:12:47
warn: ruta /api/carts/build/css/intlTelInput.css método GET no implementada 2022-06-24 22:19:03
warn: ruta /api/products/build/css/intlTelInput.css método GET no implementada 2022-06-24 22:20:19
warn: ruta /api/carts/build/css/intlTelInput.css método GET no implementada 2022-06-24 22:20:22
warn: ruta /api/user/build/css/intlTelInput.css método GET no implementada 2022-06-24 22:20:34
warn: ruta /api/products/build/css/intlTelInput.css método GET no implementada 2022-06-24 22:21:15
warn: ruta /api/products/build/css/intlTelInput.css método GET no implementada 2022-06-24 22:30:47
warn: ruta /api/products/build/css/intlTelInput.css método GET no implementada 2022-06-24 22:30:48
warn: ruta /api/products/build/css/intlTelInput.css método GET no implementada 2022-06-24 22:30:52
warn: ruta /api/products/build/css/intlTelInput.css método GET no implementada 2022-06-24 22:31:00
warn: ruta /api/products/build/css/intlTelInput.css método GET no implementada 2022-06-24 22:31:05
warn: ruta /api/carts/build/css/intlTelInput.css método GET no implementada 2022-06-24 22:31:08
warn: ruta /api/carts/build/css/intlTelInput.css método GET no implementada 2022-06-24 22:32:05
warn: ruta /api/products/build/css/intlTelInput.css método GET no implementada 2022-06-24 22:32:07
warn: ruta /api/products/build/css/intlTelInput.css método GET no implementada 2022-06-24 22:32:09
warn: ruta /api/carts/build/css/intlTelInput.css método GET no implementada 2022-06-24 22:32:11
warn: ruta /api/carts/build/css/intlTelInput.css método GET no implementada 2022-06-24 22:35:00
warn: ruta /api/carts/build/css/intlTelInput.css método GET no implementada 2022-06-24 22:44:07
warn: ruta /api/products/build/css/intlTelInput.css método GET no implementada 2022-06-24 22:44:08
warn: ruta /api/products/build/css/intlTelInput.css método GET no implementada 2022-06-24 22:44:10
warn: ruta /api/carts/build/css/intlTelInput.css método GET no implementada 2022-06-24 22:44:39
warn: ruta /api/carts/build/css/intlTelInput.css método GET no implementada 2022-06-24 22:47:48
warn: ruta /api/products/build/css/intlTelInput.css método GET no implementada 2022-06-24 22:47:50
warn: ruta /api/products/build/css/intlTelInput.css método GET no implementada 2022-06-24 22:47:54
warn: ruta /api/carts/build/css/intlTelInput.css método GET no implementada 2022-06-24 22:47:57
warn: ruta /api/products/build/css/intlTelInput.css método GET no implementada 2022-06-24 22:47:58
warn: ruta /api/carts/build/css/intlTelInput.css método GET no implementada 2022-06-24 22:47:59
warn: ruta /api/carts/build/css/intlTelInput.css método GET no implementada 2022-06-24 22:49:02
warn: ruta /api/products/build/css/intlTelInput.css método GET no implementada 2022-06-24 22:49:58
warn: ruta /api/products/build/css/intlTelInput.css método GET no implementada 2022-06-24 22:50:02
warn: ruta /api/carts/build/css/intlTelInput.css método GET no implementada 2022-06-24 22:50:07
warn: ruta /api/carts/build/css/intlTelInput.css método GET no implementada 2022-06-24 22:50:09
warn: ruta /api/products/build/css/intlTelInput.css método GET no implementada 2022-06-24 22:50:37
warn: ruta /api/user/build/css/intlTelInput.css método GET no implementada 2022-06-24 22:51:01
warn: ruta /api/carts/build/css/intlTelInput.css método GET no implementada 2022-06-24 22:51:05
warn: ruta /api/products/build/css/intlTelInput.css método GET no implementada 2022-06-24 22:51:07
warn: ruta /api/carts/build/css/intlTelInput.css método GET no implementada 2022-06-24 23:21:09
warn: ruta /api/user/build/css/intlTelInput.css método GET no implementada 2022-06-24 23:21:12
warn: ruta /api/carts/build/css/intlTelInput.css método GET no implementada 2022-06-24 23:21:13
warn: ruta /api/products/build/css/intlTelInput.css método GET no implementada 2022-06-24 23:21:14
warn: ruta /api/products/build/css/intlTelInput.css método GET no implementada 2022-06-24 23:23:17
warn: ruta /api/carts/build/css/intlTelInput.css método GET no implementada 2022-06-24 23:23:24
warn: ruta /api/carts/build/css/intlTelInput.css método GET no implementada 2022-06-24 23:23:34
warn: ruta /api/products/build/css/intlTelInput.css método GET no implementada 2022-06-24 23:23:38
warn: ruta /api/products/build/css/intlTelInput.css método GET no implementada 2022-06-24 23:24:50
warn: ruta /api/products/build/css/intlTelInput.css método GET no implementada 2022-06-24 23:24:54
warn: ruta /api/carts/build/css/intlTelInput.css método GET no implementada 2022-06-24 23:24:55
warn: ruta /api/products/build/css/intlTelInput.css método GET no implementada 2022-06-24 23:24:58
warn: ruta /api/user/build/css/intlTelInput.css método GET no implementada 2022-06-24 23:25:00
warn: ruta /api/user/build/css/intlTelInput.css método GET no implementada 2022-06-24 23:25:10
warn: ruta /api/products/build/css/intlTelInput.css método GET no implementada 2022-06-24 23:26:05
warn: ruta /api/carts/build/css/intlTelInput.css método GET no implementada 2022-06-24 23:26:08
warn: ruta /api/user/build/css/intlTelInput.css método GET no implementada 2022-06-24 23:26:10
warn: ruta /api/carts/build/css/intlTelInput.css método GET no implementada 2022-06-24 23:26:30
warn: ruta /api/user/build/css/intlTelInput.css método GET no implementada 2022-06-24 23:26:32
warn: ruta /api/products/build/css/intlTelInput.css método GET no implementada 2022-06-24 23:26:34
warn: ruta /api/products/build/css/intlTelInput.css método GET no implementada 2022-06-24 23:28:39
error: path is not defined 2022-06-24 23:45:52
warn: ruta /api/carts/build/css/intlTelInput.css método GET no implementada 2022-06-24 23:48:22
warn: ruta /api/products/build/css/intlTelInput.css método GET no implementada 2022-06-24 23:49:46
warn: ruta /api/user/build/css/intlTelInput.css método GET no implementada 2022-06-24 23:49:49
warn: ruta /api/products/build/css/intlTelInput.css método GET no implementada 2022-06-24 23:51:27
warn: ruta /api/products/build/css/intlTelInput.css método GET no implementada 2022-06-24 23:51:38
warn: ruta /api/products/build/css/intlTelInput.css método GET no implementada 2022-06-24 23:52:18
warn: ruta /api/carts/build/css/intlTelInput.css método GET no implementada 2022-06-24 23:52:31
warn: ruta /api/user/build/css/intlTelInput.css método GET no implementada 2022-06-24 23:52:33
warn: ruta /api/products/build/css/intlTelInput.css método GET no implementada 2022-06-24 23:54:09
warn: ruta /api/carts/build/css/intlTelInput.css método GET no implementada 2022-06-24 23:54:16
warn: ruta /api/user/build/css/intlTelInput.css método GET no implementada 2022-06-24 23:54:17
warn: ruta /api/user/build/css/intlTelInput.css método GET no implementada 2022-06-25 01:03:39
error: path is not defined 2022-06-25 01:35:52
error: path is not defined 2022-06-25 01:35:52
error: path is not defined 2022-06-25 01:35:52
error: path is not defined 2022-06-25 01:35:52
error: path is not defined 2022-06-25 01:35:52
error: path is not defined 2022-06-25 01:35:52
error: path is not defined 2022-06-25 01:35:52
error: path is not defined 2022-06-25 01:35:52
error: path is not defined 2022-06-25 01:35:52
error: path is not defined 2022-06-25 01:35:52
error: path is not defined 2022-06-25 01:35:52
error: path is not defined 2022-06-25 01:35:52
error: path is not defined 2022-06-25 01:35:52
error: path is not defined 2022-06-25 01:35:52
error: path is not defined 2022-06-25 01:35:52
error: path is not defined 2022-06-25 01:35:52
error: path is not defined 2022-06-25 01:35:52
error: path is not defined 2022-06-25 01:35:52
error: path is not defined 2022-06-25 01:35:52
error: path is not defined 2022-06-25 01:35:52
error: path is not defined 2022-06-25 01:35:52
error: path is not defined 2022-06-25 01:35:52
error: path is not defined 2022-06-25 01:35:52
error: path is not defined 2022-06-25 01:35:52
error: path is not defined 2022-06-25 01:35:52
error: path is not defined 2022-06-25 01:35:52
error: path is not defined 2022-06-25 01:35:52
error: path is not defined 2022-06-25 01:35:52
error: path is not defined 2022-06-25 01:35:52
error: path is not defined 2022-06-25 01:35:52
error: path is not defined 2022-06-25 01:35:52
error: path is not defined 2022-06-25 01:35:52
error: path is not defined 2022-06-25 01:35:52
error: path is not defined 2022-06-25 01:35:52
error: path is not defined 2022-06-25 01:35:52
error: path is not defined 2022-06-25 01:35:52
error: path is not defined 2022-06-25 01:35:52
error: path is not defined 2022-06-25 01:35:52
error: path is not defined 2022-06-25 01:35:52
error: path is not defined 2022-06-25 01:35:52
error: path is not defined 2022-06-25 01:35:52
error: path is not defined 2022-06-25 01:35:52
error: path is not defined 2022-06-25 01:35:52
error: path is not defined 2022-06-25 01:35:52
error: path is not defined 2022-06-25 01:35:52
error: path is not defined 2022-06-25 01:35:52
error: path is not defined 2022-06-25 01:35:52
error: path is not defined 2022-06-25 01:35:52
error: path is not defined 2022-06-25 01:35:52
error: path is not defined 2022-06-25 01:35:52
