error: productsModel.getAllProducts is not a function 2022-07-15 18:16:32
error: cartsDao.getUserCart is not a function 2022-07-15 19:17:04
error: cartsDao.getUserCart is not a function 2022-07-15 19:17:06
error: CartsDao.getCartById is not a function 2022-07-15 19:21:17
error: FactoryDao is not defined 2022-07-16 10:33:58
error: FactoryDao is not defined 2022-07-16 10:34:02
error: FactoryDao is not defined 2022-07-16 10:34:04
error: FactoryDao is not defined 2022-07-16 10:34:05
error: FactoryDao is not defined 2022-07-16 10:34:06
error: FactoryDao is not defined 2022-07-16 10:34:06
error: FactoryDao is not defined 2022-07-16 10:34:06
error: FactoryDao is not defined 2022-07-16 10:34:06
error: FactoryDao is not defined 2022-07-16 10:34:07
error: FactoryDao is not defined 2022-07-16 10:34:07
error: FactoryDao is not defined 2022-07-16 10:34:08
error: path is not defined 2022-07-16 11:07:02
error: path is not defined 2022-07-16 11:07:25
error: path is not defined 2022-07-16 11:33:53
error: path is not defined 2022-07-16 11:35:01
error: path is not defined 2022-07-16 11:35:31
error: path is not defined 2022-07-16 11:35:57
error: path is not defined 2022-07-16 11:39:35
