warn: ruta /favicon.ico método GET no implementada 2022-07-15 18:16:20
error: productsModel.getAllProducts is not a function 2022-07-15 18:16:32
warn: ruta / método GET no implementada 2022-07-15 19:16:48
error: cartsDao.getUserCart is not a function 2022-07-15 19:17:04
error: cartsDao.getUserCart is not a function 2022-07-15 19:17:06
error: CartsDao.getCartById is not a function 2022-07-15 19:21:17
error: FactoryDao is not defined 2022-07-16 10:33:58
error: FactoryDao is not defined 2022-07-16 10:34:02
error: FactoryDao is not defined 2022-07-16 10:34:04
error: FactoryDao is not defined 2022-07-16 10:34:05
error: FactoryDao is not defined 2022-07-16 10:34:06
error: FactoryDao is not defined 2022-07-16 10:34:06
error: FactoryDao is not defined 2022-07-16 10:34:06
error: FactoryDao is not defined 2022-07-16 10:34:06
error: FactoryDao is not defined 2022-07-16 10:34:07
error: FactoryDao is not defined 2022-07-16 10:34:07
error: FactoryDao is not defined 2022-07-16 10:34:08
error: path is not defined 2022-07-16 11:07:02
error: path is not defined 2022-07-16 11:07:25
warn: ruta //api/products/catalog método GET no implementada 2022-07-16 11:32:24
warn: ruta //api/products/catalog método GET no implementada 2022-07-16 11:33:23
error: path is not defined 2022-07-16 11:33:53
error: path is not defined 2022-07-16 11:35:01
error: path is not defined 2022-07-16 11:35:31
error: path is not defined 2022-07-16 11:35:57
warn: ruta /api/productos/catalog método GET no implementada 2022-07-16 11:38:32
warn: ruta /api/productos/ método GET no implementada 2022-07-16 11:39:18
error: path is not defined 2022-07-16 11:39:35
warn: ruta /products método GET no implementada 2022-07-16 15:00:11
warn: ruta /api/products/62d30d2a255c41cc2527c539 método PATCH no implementada 2022-07-16 15:17:07
warn: ruta /api/productos62d30d2a255c41cc2527c539 método DELETE no implementada 2022-07-16 15:21:24
warn: ruta /api/products62d30d2a255c41cc2527c539 método DELETE no implementada 2022-07-16 15:22:44
