{"level":"warn","message":"ruta /er método GET no implementada"}
{"level":"warn","message":"ruta /info método GET no implementada"}
{"level":"warn","message":"ruta /er método GET no implementada"}
{"level":"warn","message":"ruta /er método GET no implementada"}
warn: ruta /er método GET no implementada 2022-06-11 15:35:58
error: hola 2022-06-11 15:40:41
warn: ruta /json/version método GET no implementada 2022-06-11 17:01:07
warn: ruta /json método GET no implementada 2022-06-11 17:01:07
warn: ruta /json/version método GET no implementada 2022-06-11 17:01:08
warn: ruta /json método GET no implementada 2022-06-11 17:01:08
warn: ruta /json/version método GET no implementada 2022-06-11 17:01:09
warn: ruta /json método GET no implementada 2022-06-11 17:01:09
warn: ruta /json/version método GET no implementada 2022-06-11 17:01:10
warn: ruta /json método GET no implementada 2022-06-11 17:01:10
warn: ruta /json/version método GET no implementada 2022-06-11 17:01:11
warn: ruta /json método GET no implementada 2022-06-11 17:01:11
warn: ruta /json/version método GET no implementada 2022-06-11 17:01:12
warn: ruta /json método GET no implementada 2022-06-11 17:01:12
warn: ruta /json/version método GET no implementada 2022-06-11 17:01:13
warn: ruta /json método GET no implementada 2022-06-11 17:01:13
warn: ruta /json/version método GET no implementada 2022-06-11 17:01:14
warn: ruta /json método GET no implementada 2022-06-11 17:01:14
warn: ruta /json/version método GET no implementada 2022-06-11 17:01:15
warn: ruta /json método GET no implementada 2022-06-11 17:01:15
warn: ruta /json/version método GET no implementada 2022-06-11 17:01:16
warn: ruta /json método GET no implementada 2022-06-11 17:01:16
warn: ruta /json/version método GET no implementada 2022-06-11 17:01:17
warn: ruta /json método GET no implementada 2022-06-11 17:01:17
warn: ruta /json/version método GET no implementada 2022-06-11 17:01:18
warn: ruta /json método GET no implementada 2022-06-11 17:01:18
warn: ruta /json/version método GET no implementada 2022-06-11 17:01:19
warn: ruta /json método GET no implementada 2022-06-11 17:01:19
warn: ruta /json/version método GET no implementada 2022-06-11 17:01:20
warn: ruta /json método GET no implementada 2022-06-11 17:01:20
warn: ruta /json/version método GET no implementada 2022-06-11 17:01:21
warn: ruta /json método GET no implementada 2022-06-11 17:01:21
warn: ruta /json/version método GET no implementada 2022-06-11 17:01:22
warn: ruta /json método GET no implementada 2022-06-11 17:01:22
warn: ruta /json/version método GET no implementada 2022-06-11 17:01:23
warn: ruta /json método GET no implementada 2022-06-11 17:01:23
warn: ruta /json/version método GET no implementada 2022-06-11 17:01:24
warn: ruta /json método GET no implementada 2022-06-11 17:01:24
warn: ruta /json/version método GET no implementada 2022-06-11 17:01:25
warn: ruta /json método GET no implementada 2022-06-11 17:01:25
warn: ruta /json/version método GET no implementada 2022-06-11 17:01:26
warn: ruta /json método GET no implementada 2022-06-11 17:01:26
warn: ruta /json/version método GET no implementada 2022-06-11 17:01:27
warn: ruta /json método GET no implementada 2022-06-11 17:01:27
warn: ruta /json/version método GET no implementada 2022-06-11 17:01:28
warn: ruta /json método GET no implementada 2022-06-11 17:01:28
warn: ruta /json/version método GET no implementada 2022-06-11 17:04:11
warn: ruta /json método GET no implementada 2022-06-11 17:04:11
warn: ruta /json/version método GET no implementada 2022-06-11 17:04:12
warn: ruta /json método GET no implementada 2022-06-11 17:04:12
warn: ruta /json/version método GET no implementada 2022-06-11 17:04:13
warn: ruta /json método GET no implementada 2022-06-11 17:04:13
warn: ruta /json/version método GET no implementada 2022-06-11 17:04:14
warn: ruta /json método GET no implementada 2022-06-11 17:04:14
warn: ruta /json/version método GET no implementada 2022-06-11 17:04:15
warn: ruta /json método GET no implementada 2022-06-11 17:04:15
warn: ruta /json/version método GET no implementada 2022-06-11 17:04:16
warn: ruta /json método GET no implementada 2022-06-11 17:04:16
warn: ruta /json/version método GET no implementada 2022-06-11 17:04:17
warn: ruta /json método GET no implementada 2022-06-11 17:04:17
warn: ruta /json/version método GET no implementada 2022-06-11 17:04:18
warn: ruta /json método GET no implementada 2022-06-11 17:04:18
warn: ruta /json/version método GET no implementada 2022-06-11 17:04:19
warn: ruta /json método GET no implementada 2022-06-11 17:04:19
warn: ruta /json/version método GET no implementada 2022-06-11 17:04:20
warn: ruta /json método GET no implementada 2022-06-11 17:04:20
warn: ruta /json/version método GET no implementada 2022-06-11 17:04:21
warn: ruta /json método GET no implementada 2022-06-11 17:04:21
warn: ruta /json/version método GET no implementada 2022-06-11 17:04:22
warn: ruta /json método GET no implementada 2022-06-11 17:04:22
warn: ruta /json/version método GET no implementada 2022-06-11 17:04:23
warn: ruta /json método GET no implementada 2022-06-11 17:04:23
warn: ruta /json/version método GET no implementada 2022-06-11 17:04:24
warn: ruta /json método GET no implementada 2022-06-11 17:04:24
warn: ruta /json/version método GET no implementada 2022-06-11 17:04:25
warn: ruta /json método GET no implementada 2022-06-11 17:04:25
warn: ruta /json/version método GET no implementada 2022-06-11 17:04:26
warn: ruta /json método GET no implementada 2022-06-11 17:04:26
warn: ruta /json/version método GET no implementada 2022-06-11 17:04:27
warn: ruta /json método GET no implementada 2022-06-11 17:04:27
warn: ruta /json/version método GET no implementada 2022-06-11 17:04:28
warn: ruta /json método GET no implementada 2022-06-11 17:04:28
warn: ruta /json/version método GET no implementada 2022-06-11 17:04:29
warn: ruta /json método GET no implementada 2022-06-11 17:04:29
warn: ruta /json/version método GET no implementada 2022-06-11 17:04:30
warn: ruta /json método GET no implementada 2022-06-11 17:04:30
warn: ruta /json/version método GET no implementada 2022-06-11 17:04:31
warn: ruta /json método GET no implementada 2022-06-11 17:04:31
warn: ruta /json/version método GET no implementada 2022-06-11 17:04:32
warn: ruta /json método GET no implementada 2022-06-11 17:04:32
warn: ruta /json/version método GET no implementada 2022-06-11 17:04:33
warn: ruta /json método GET no implementada 2022-06-11 17:04:33
warn: ruta /json/version método GET no implementada 2022-06-11 17:04:34
warn: ruta /json método GET no implementada 2022-06-11 17:04:34
warn: ruta /json/version método GET no implementada 2022-06-11 17:04:35
warn: ruta /json método GET no implementada 2022-06-11 17:04:35
warn: ruta /json/version método GET no implementada 2022-06-11 17:04:36
warn: ruta /json método GET no implementada 2022-06-11 17:04:36
warn: ruta /json/version método GET no implementada 2022-06-11 17:04:37
warn: ruta /json método GET no implementada 2022-06-11 17:04:37
warn: ruta /json/version método GET no implementada 2022-06-11 17:04:38
warn: ruta /json método GET no implementada 2022-06-11 17:04:38
warn: ruta /json/version método GET no implementada 2022-06-11 17:04:39
warn: ruta /json método GET no implementada 2022-06-11 17:04:39
warn: ruta /json/version método GET no implementada 2022-06-11 17:04:40
warn: ruta /json método GET no implementada 2022-06-11 17:04:40
warn: ruta /json/version método GET no implementada 2022-06-11 17:04:41
warn: ruta /json método GET no implementada 2022-06-11 17:04:41
warn: ruta /json/version método GET no implementada 2022-06-11 17:04:42
warn: ruta /json método GET no implementada 2022-06-11 17:04:42
warn: ruta /json/version método GET no implementada 2022-06-11 17:04:43
warn: ruta /json método GET no implementada 2022-06-11 17:04:43
warn: ruta /json/version método GET no implementada 2022-06-11 17:04:44
warn: ruta /json método GET no implementada 2022-06-11 17:04:44
warn: ruta /json/version método GET no implementada 2022-06-11 17:04:45
warn: ruta /json método GET no implementada 2022-06-11 17:04:45
warn: ruta /json/version método GET no implementada 2022-06-11 17:04:46
warn: ruta /json método GET no implementada 2022-06-11 17:04:46
warn: ruta /json/version método GET no implementada 2022-06-11 17:04:47
warn: ruta /json método GET no implementada 2022-06-11 17:04:47
warn: ruta /json/version método GET no implementada 2022-06-11 17:04:48
warn: ruta /json método GET no implementada 2022-06-11 17:04:48
warn: ruta /json/version método GET no implementada 2022-06-11 17:04:49
warn: ruta /json método GET no implementada 2022-06-11 17:04:49
warn: ruta /json/version método GET no implementada 2022-06-11 17:04:50
warn: ruta /json método GET no implementada 2022-06-11 17:04:50
warn: ruta /json/version método GET no implementada 2022-06-11 17:04:51
warn: ruta /json método GET no implementada 2022-06-11 17:04:51
warn: ruta /json/version método GET no implementada 2022-06-11 17:04:52
warn: ruta /json método GET no implementada 2022-06-11 17:04:52
warn: ruta /json/version método GET no implementada 2022-06-11 17:04:53
warn: ruta /json método GET no implementada 2022-06-11 17:04:53
warn: ruta /json/version método GET no implementada 2022-06-11 17:04:54
warn: ruta /json método GET no implementada 2022-06-11 17:04:54
warn: ruta /json/version método GET no implementada 2022-06-11 17:04:55
warn: ruta /json método GET no implementada 2022-06-11 17:04:55
warn: ruta /json/version método GET no implementada 2022-06-11 17:04:56
warn: ruta /json método GET no implementada 2022-06-11 17:04:56
warn: ruta /json/version método GET no implementada 2022-06-11 17:04:57
warn: ruta /json método GET no implementada 2022-06-11 17:04:57
warn: ruta /json/version método GET no implementada 2022-06-11 17:04:58
warn: ruta /json método GET no implementada 2022-06-11 17:04:58
warn: ruta /json/version método GET no implementada 2022-06-11 17:04:59
warn: ruta /json método GET no implementada 2022-06-11 17:04:59
warn: ruta /json/version método GET no implementada 2022-06-11 17:05:00
warn: ruta /json método GET no implementada 2022-06-11 17:05:00
warn: ruta /json/version método GET no implementada 2022-06-11 17:05:01
warn: ruta /json método GET no implementada 2022-06-11 17:05:01
warn: ruta /json/version método GET no implementada 2022-06-11 17:05:02
warn: ruta /json método GET no implementada 2022-06-11 17:05:02
warn: ruta /json/version método GET no implementada 2022-06-11 17:05:03
warn: ruta /json método GET no implementada 2022-06-11 17:05:03
warn: ruta /json/version método GET no implementada 2022-06-11 17:05:04
warn: ruta /json método GET no implementada 2022-06-11 17:05:04
warn: ruta /json/version método GET no implementada 2022-06-11 17:05:05
warn: ruta /json método GET no implementada 2022-06-11 17:05:05
warn: ruta /json/version método GET no implementada 2022-06-11 17:05:06
warn: ruta /json método GET no implementada 2022-06-11 17:05:06
warn: ruta /json/version método GET no implementada 2022-06-11 17:05:07
warn: ruta /json método GET no implementada 2022-06-11 17:05:07
warn: ruta /json/version método GET no implementada 2022-06-11 17:05:08
warn: ruta /json método GET no implementada 2022-06-11 17:05:08
warn: ruta /json/version método GET no implementada 2022-06-11 17:05:09
warn: ruta /json método GET no implementada 2022-06-11 17:05:09
warn: ruta /json/version método GET no implementada 2022-06-11 17:05:10
warn: ruta /json método GET no implementada 2022-06-11 17:05:10
warn: ruta /json/version método GET no implementada 2022-06-11 17:05:11
warn: ruta /json método GET no implementada 2022-06-11 17:05:11
warn: ruta /json/version método GET no implementada 2022-06-11 17:05:12
warn: ruta /json método GET no implementada 2022-06-11 17:05:12
warn: ruta /json/version método GET no implementada 2022-06-11 17:05:13
warn: ruta /json método GET no implementada 2022-06-11 17:05:13
warn: ruta /json/version método GET no implementada 2022-06-11 17:05:14
warn: ruta /json método GET no implementada 2022-06-11 17:05:14
warn: ruta /json/version método GET no implementada 2022-06-11 17:05:15
warn: ruta /json método GET no implementada 2022-06-11 17:05:15
warn: ruta /json/version método GET no implementada 2022-06-11 17:05:16
warn: ruta /json método GET no implementada 2022-06-11 17:05:16
warn: ruta /json/version método GET no implementada 2022-06-11 17:05:17
warn: ruta /json método GET no implementada 2022-06-11 17:05:17
warn: ruta /json/version método GET no implementada 2022-06-11 17:05:18
warn: ruta /json método GET no implementada 2022-06-11 17:05:18
warn: ruta /json/version método GET no implementada 2022-06-11 17:05:19
warn: ruta /json método GET no implementada 2022-06-11 17:05:19
warn: ruta /json/version método GET no implementada 2022-06-11 17:05:20
warn: ruta /json método GET no implementada 2022-06-11 17:05:20
warn: ruta /json/version método GET no implementada 2022-06-11 17:05:21
warn: ruta /json método GET no implementada 2022-06-11 17:05:21
warn: ruta /json/version método GET no implementada 2022-06-11 17:05:22
warn: ruta /json método GET no implementada 2022-06-11 17:05:22
warn: ruta /json/version método GET no implementada 2022-06-11 17:05:23
warn: ruta /json método GET no implementada 2022-06-11 17:05:23
warn: ruta /json/version método GET no implementada 2022-06-11 17:05:24
warn: ruta /json método GET no implementada 2022-06-11 17:05:24
warn: ruta /json/version método GET no implementada 2022-06-11 17:05:25
warn: ruta /json método GET no implementada 2022-06-11 17:05:25
warn: ruta /json/version método GET no implementada 2022-06-11 17:05:26
warn: ruta /json método GET no implementada 2022-06-11 17:05:26
warn: ruta /json/version método GET no implementada 2022-06-11 17:05:27
warn: ruta /json método GET no implementada 2022-06-11 17:05:27
warn: ruta /json/version método GET no implementada 2022-06-11 17:05:28
warn: ruta /json método GET no implementada 2022-06-11 17:05:28
warn: ruta /json/version método GET no implementada 2022-06-11 17:05:29
warn: ruta /json método GET no implementada 2022-06-11 17:05:29
warn: ruta /json/version método GET no implementada 2022-06-11 17:05:30
warn: ruta /json método GET no implementada 2022-06-11 17:05:30
warn: ruta /json/version método GET no implementada 2022-06-11 17:05:31
warn: ruta /json método GET no implementada 2022-06-11 17:05:31
warn: ruta /json/version método GET no implementada 2022-06-11 17:05:32
warn: ruta /json método GET no implementada 2022-06-11 17:05:32
warn: ruta /json/version método GET no implementada 2022-06-11 17:05:33
warn: ruta /json método GET no implementada 2022-06-11 17:05:33
warn: ruta /json/version método GET no implementada 2022-06-11 17:05:34
warn: ruta /json método GET no implementada 2022-06-11 17:05:34
warn: ruta /json/version método GET no implementada 2022-06-11 17:05:35
warn: ruta /json método GET no implementada 2022-06-11 17:05:35
warn: ruta /json/version método GET no implementada 2022-06-11 17:05:36
warn: ruta /json método GET no implementada 2022-06-11 17:05:36
warn: ruta /json/version método GET no implementada 2022-06-11 17:05:37
warn: ruta /json método GET no implementada 2022-06-11 17:05:37
warn: ruta /json/version método GET no implementada 2022-06-11 17:05:38
warn: ruta /json método GET no implementada 2022-06-11 17:05:38
warn: ruta /json/version método GET no implementada 2022-06-11 17:05:39
warn: ruta /json método GET no implementada 2022-06-11 17:05:39
warn: ruta /json/version método GET no implementada 2022-06-11 17:05:40
warn: ruta /json método GET no implementada 2022-06-11 17:05:40
warn: ruta /json/version método GET no implementada 2022-06-11 17:05:41
warn: ruta /json método GET no implementada 2022-06-11 17:05:41
warn: ruta /json/version método GET no implementada 2022-06-11 17:05:42
warn: ruta /json método GET no implementada 2022-06-11 17:05:42
warn: ruta /json/version método GET no implementada 2022-06-11 17:05:43
warn: ruta /json método GET no implementada 2022-06-11 17:05:43
warn: ruta /json/version método GET no implementada 2022-06-11 17:05:44
warn: ruta /json método GET no implementada 2022-06-11 17:05:44
warn: ruta /json/version método GET no implementada 2022-06-11 17:05:45
warn: ruta /json método GET no implementada 2022-06-11 17:05:45
warn: ruta /json/version método GET no implementada 2022-06-11 17:05:46
warn: ruta /json método GET no implementada 2022-06-11 17:05:46
warn: ruta /json/version método GET no implementada 2022-06-11 17:05:47
warn: ruta /json método GET no implementada 2022-06-11 17:05:47
warn: ruta /json/version método GET no implementada 2022-06-11 17:05:48
warn: ruta /json método GET no implementada 2022-06-11 17:05:48
warn: ruta /json/version método GET no implementada 2022-06-11 17:05:49
warn: ruta /json método GET no implementada 2022-06-11 17:05:49
warn: ruta /json/version método GET no implementada 2022-06-11 17:05:50
warn: ruta /json método GET no implementada 2022-06-11 17:05:50
warn: ruta /json/version método GET no implementada 2022-06-11 17:05:52
warn: ruta /json método GET no implementada 2022-06-11 17:05:52
warn: ruta /json/version método GET no implementada 2022-06-11 17:05:53
warn: ruta /json método GET no implementada 2022-06-11 17:05:53
warn: ruta /json/version método GET no implementada 2022-06-11 17:05:54
warn: ruta /json método GET no implementada 2022-06-11 17:05:54
warn: ruta /json/version método GET no implementada 2022-06-11 17:05:55
warn: ruta /json método GET no implementada 2022-06-11 17:05:55
warn: ruta /json/version método GET no implementada 2022-06-11 17:05:56
warn: ruta /json método GET no implementada 2022-06-11 17:05:56
warn: ruta /json/version método GET no implementada 2022-06-11 17:05:57
warn: ruta /json método GET no implementada 2022-06-11 17:05:57
warn: ruta /json/version método GET no implementada 2022-06-11 17:05:58
warn: ruta /json método GET no implementada 2022-06-11 17:05:58
warn: ruta /json/version método GET no implementada 2022-06-11 17:05:59
warn: ruta /json método GET no implementada 2022-06-11 17:05:59
warn: ruta /json/version método GET no implementada 2022-06-11 17:06:00
warn: ruta /json método GET no implementada 2022-06-11 17:06:00
warn: ruta /json/version método GET no implementada 2022-06-11 17:06:01
warn: ruta /json método GET no implementada 2022-06-11 17:06:01
warn: ruta /json/version método GET no implementada 2022-06-11 17:06:02
warn: ruta /json método GET no implementada 2022-06-11 17:06:02
warn: ruta /json/version método GET no implementada 2022-06-11 17:06:03
warn: ruta /json método GET no implementada 2022-06-11 17:06:03
warn: ruta /json/version método GET no implementada 2022-06-11 17:06:04
warn: ruta /json método GET no implementada 2022-06-11 17:06:04
warn: ruta /json/version método GET no implementada 2022-06-11 17:06:05
warn: ruta /json método GET no implementada 2022-06-11 17:06:05
warn: ruta /json/version método GET no implementada 2022-06-11 17:06:06
warn: ruta /json método GET no implementada 2022-06-11 17:06:06
warn: ruta /json/version método GET no implementada 2022-06-11 17:06:07
warn: ruta /json método GET no implementada 2022-06-11 17:06:07
warn: ruta /json/version método GET no implementada 2022-06-11 17:06:08
warn: ruta /json método GET no implementada 2022-06-11 17:06:08
warn: ruta /json/version método GET no implementada 2022-06-11 17:06:09
warn: ruta /json método GET no implementada 2022-06-11 17:06:09
warn: ruta /json/version método GET no implementada 2022-06-11 17:06:10
warn: ruta /json método GET no implementada 2022-06-11 17:06:10
warn: ruta /json/version método GET no implementada 2022-06-11 17:06:11
warn: ruta /json método GET no implementada 2022-06-11 17:06:11
warn: ruta /json/version método GET no implementada 2022-06-11 17:06:12
warn: ruta /json método GET no implementada 2022-06-11 17:06:12
warn: ruta /json/version método GET no implementada 2022-06-11 17:06:13
warn: ruta /json método GET no implementada 2022-06-11 17:06:13
warn: ruta /json/version método GET no implementada 2022-06-11 17:06:14
warn: ruta /json método GET no implementada 2022-06-11 17:06:14
warn: ruta /json/version método GET no implementada 2022-06-11 17:06:15
warn: ruta /json método GET no implementada 2022-06-11 17:06:15
warn: ruta /json/version método GET no implementada 2022-06-11 17:06:16
warn: ruta /json método GET no implementada 2022-06-11 17:06:16
warn: ruta /json/version método GET no implementada 2022-06-11 17:06:17
warn: ruta /json método GET no implementada 2022-06-11 17:06:17
warn: ruta /json/version método GET no implementada 2022-06-11 17:06:18
warn: ruta /json método GET no implementada 2022-06-11 17:06:18
warn: ruta /json/version método GET no implementada 2022-06-11 17:12:43
warn: ruta /json método GET no implementada 2022-06-11 17:12:43
warn: ruta /json/version método GET no implementada 2022-06-11 17:12:44
warn: ruta /json método GET no implementada 2022-06-11 17:12:44
warn: ruta /json/version método GET no implementada 2022-06-11 17:12:45
warn: ruta /json método GET no implementada 2022-06-11 17:12:45
warn: ruta /json/version método GET no implementada 2022-06-11 17:12:46
warn: ruta /json método GET no implementada 2022-06-11 17:12:46
warn: ruta /json/version método GET no implementada 2022-06-11 17:12:47
warn: ruta /json método GET no implementada 2022-06-11 17:12:47
warn: ruta /json/version método GET no implementada 2022-06-11 17:12:48
warn: ruta /json método GET no implementada 2022-06-11 17:12:48
warn: ruta /json/version método GET no implementada 2022-06-11 17:12:49
warn: ruta /json método GET no implementada 2022-06-11 17:12:49
warn: ruta /json/version método GET no implementada 2022-06-11 17:12:50
warn: ruta /json método GET no implementada 2022-06-11 17:12:50
warn: ruta /json/version método GET no implementada 2022-06-11 17:12:51
warn: ruta /json método GET no implementada 2022-06-11 17:12:51
warn: ruta /json/version método GET no implementada 2022-06-11 17:12:52
warn: ruta /json método GET no implementada 2022-06-11 17:12:52
warn: ruta /json/version método GET no implementada 2022-06-11 17:12:53
warn: ruta /json método GET no implementada 2022-06-11 17:12:53
warn: ruta /json/version método GET no implementada 2022-06-11 17:12:54
warn: ruta /json método GET no implementada 2022-06-11 17:12:54
warn: ruta /json/version método GET no implementada 2022-06-11 17:12:55
warn: ruta /json método GET no implementada 2022-06-11 17:12:55
warn: ruta /json/version método GET no implementada 2022-06-11 17:12:56
warn: ruta /json método GET no implementada 2022-06-11 17:12:56
warn: ruta /json/version método GET no implementada 2022-06-11 17:12:57
warn: ruta /json método GET no implementada 2022-06-11 17:12:57
warn: ruta /json/version método GET no implementada 2022-06-11 17:12:58
warn: ruta /json método GET no implementada 2022-06-11 17:12:58
warn: ruta /json/version método GET no implementada 2022-06-11 17:12:59
warn: ruta /json método GET no implementada 2022-06-11 17:12:59
warn: ruta /json/version método GET no implementada 2022-06-11 17:13:00
warn: ruta /json método GET no implementada 2022-06-11 17:13:00
warn: ruta /json/version método GET no implementada 2022-06-11 17:13:01
warn: ruta /json método GET no implementada 2022-06-11 17:13:01
warn: ruta /json/version método GET no implementada 2022-06-11 17:15:44
warn: ruta /json método GET no implementada 2022-06-11 17:15:44
warn: ruta /json/version método GET no implementada 2022-06-11 17:15:45
warn: ruta /json método GET no implementada 2022-06-11 17:15:45
warn: ruta /json/version método GET no implementada 2022-06-11 17:15:46
warn: ruta /json método GET no implementada 2022-06-11 17:15:46
warn: ruta /json/version método GET no implementada 2022-06-11 17:15:47
warn: ruta /json método GET no implementada 2022-06-11 17:15:47
warn: ruta /json/version método GET no implementada 2022-06-11 17:15:48
warn: ruta /json método GET no implementada 2022-06-11 17:15:48
warn: ruta /json/version método GET no implementada 2022-06-11 17:15:49
warn: ruta /json método GET no implementada 2022-06-11 17:15:49
warn: ruta /json/version método GET no implementada 2022-06-11 17:15:50
warn: ruta /json método GET no implementada 2022-06-11 17:15:50
warn: ruta /json/version método GET no implementada 2022-06-11 17:15:51
warn: ruta /json método GET no implementada 2022-06-11 17:15:51
warn: ruta /json/version método GET no implementada 2022-06-11 17:15:52
warn: ruta /json método GET no implementada 2022-06-11 17:15:52
warn: ruta /json/version método GET no implementada 2022-06-11 17:15:53
warn: ruta /json método GET no implementada 2022-06-11 17:15:53
warn: ruta /json/version método GET no implementada 2022-06-11 17:15:54
warn: ruta /json método GET no implementada 2022-06-11 17:15:54
warn: ruta /json/version método GET no implementada 2022-06-11 17:15:55
warn: ruta /json método GET no implementada 2022-06-11 17:15:55
warn: ruta /json/version método GET no implementada 2022-06-11 17:15:56
warn: ruta /json método GET no implementada 2022-06-11 17:15:56
warn: ruta /json/version método GET no implementada 2022-06-11 17:15:57
warn: ruta /json método GET no implementada 2022-06-11 17:15:57
warn: ruta /json/version método GET no implementada 2022-06-11 17:15:58
warn: ruta /json método GET no implementada 2022-06-11 17:15:58
warn: ruta /json/version método GET no implementada 2022-06-11 17:15:59
warn: ruta /json método GET no implementada 2022-06-11 17:15:59
warn: ruta /json/version método GET no implementada 2022-06-11 17:16:00
warn: ruta /json método GET no implementada 2022-06-11 17:16:00
warn: ruta /json/version método GET no implementada 2022-06-11 17:16:01
warn: ruta /json método GET no implementada 2022-06-11 17:16:01
